e:\digger\digger\debug\vc142.pdb
e:\digger\digger\debug\vc142.idb
e:\digger\digger\debug\score.obj
e:\digger\digger\debug\moneybag.obj
e:\digger\digger\debug\map.obj
e:\digger\digger\debug\mainmenu.obj
e:\digger\digger\debug\highscoresystem.obj
e:\digger\digger\debug\game.obj
e:\digger\digger\debug\enemy.obj
e:\digger\digger\debug\emerald.obj
e:\digger\digger\debug\diggerplayer.obj
e:\digger\digger\debug\digger.obj
e:\digger\digger\debug\bullet.obj
e:\digger\digger\debug\bonus.obj
e:\digger\digger\debug\animation.obj
e:\digger\digger\debug\animatedsprite.obj
c:\users\stili\downloads\digger-main\digger\debug\vc142.pdb
c:\users\stili\downloads\digger-main\digger\debug\vc142.idb
c:\users\stili\downloads\digger-main\digger\debug\score.obj
c:\users\stili\downloads\digger-main\digger\debug\play.obj
c:\users\stili\downloads\digger-main\digger\debug\moneybag.obj
c:\users\stili\downloads\digger-main\digger\debug\map.obj
c:\users\stili\downloads\digger-main\digger\debug\mainmenu.obj
c:\users\stili\downloads\digger-main\digger\debug\highscoresystem.obj
c:\users\stili\downloads\digger-main\digger\debug\game.obj
c:\users\stili\downloads\digger-main\digger\debug\enemy.obj
c:\users\stili\downloads\digger-main\digger\debug\emerald.obj
c:\users\stili\downloads\digger-main\digger\debug\diggerplayer.obj
c:\users\stili\downloads\digger-main\digger\debug\digger.obj
c:\users\stili\downloads\digger-main\digger\debug\bullet.obj
c:\users\stili\downloads\digger-main\digger\debug\bonus.obj
c:\users\stili\downloads\digger-main\digger\debug\animation.obj
c:\users\stili\downloads\digger-main\digger\debug\animatedsprite.obj
e:\digger\digger\debug\play.obj
c:\users\stili\downloads\digger-main\debug\digger.ilk
c:\users\stili\downloads\digger-main\debug\digger.exe
c:\users\stili\downloads\digger-main\debug\digger.pdb
e:\digger\debug\digger.exe
e:\digger\debug\digger.ilk
e:\digger\debug\digger.pdb
e:\digger\digger\debug\digger.tlog\cl.command.1.tlog
e:\digger\digger\debug\digger.tlog\cl.read.1.tlog
e:\digger\digger\debug\digger.tlog\cl.write.1.tlog
e:\digger\digger\debug\digger.tlog\link.command.1.tlog
e:\digger\digger\debug\digger.tlog\link.read.1.tlog
e:\digger\digger\debug\digger.tlog\link.write.1.tlog
